d:\workspace\c++\ırıs\myırıs\myırıs\x64\release\myırıs.pch
d:\workspace\c++\ırıs\myırıs\myırıs\x64\release\vc120.pdb
d:\workspace\c++\ırıs\myırıs\myırıs\x64\release\stdafx.obj
d:\workspace\c++\ırıs\myırıs\myırıs\x64\release\maın.obj
d:\workspace\c++\ırıs\myırıs\myırıs\x64\release\pırcırcle.obj
d:\workspace\c++\ırıs\myırıs\myırıs\x64\release\pırmanager.obj
d:\workspace\c++\ırıs\myırıs\x64\release\myırıs.exe
d:\workspace\c++\ırıs\myırıs\x64\release\myırıs.pdb
d:\workspace\c++\ıris\myıris\myıris\x64\release\main.obj
d:\workspace\c++\ıris\myıris\myıris\x64\release\pircircle.obj
d:\workspace\c++\ıris\myıris\myıris\x64\release\pirmanager.obj
d:\workspace\c++\ıris\myıris\myıris\x64\release\stdafx.obj
d:\workspace\c++\ıris\myıris\myıris\x64\release\myıris.pch
d:\workspace\c++\ıris\myıris\myıris\x64\release\vc120.pdb
d:\workspace\c++\ıris\myıris\x64\release\myıris.pdb
d:\workspace\c++\ıris\myıris\x64\release\myıris.exe
d:\workspace\c++\ıris\myıris\myıris\x64\release\myıris.tlog\cl.command.1.tlog
d:\workspace\c++\ıris\myıris\myıris\x64\release\myıris.tlog\cl.read.1.tlog
d:\workspace\c++\ıris\myıris\myıris\x64\release\myıris.tlog\cl.write.1.tlog
d:\workspace\c++\ıris\myıris\myıris\x64\release\myıris.tlog\link.command.1.tlog
d:\workspace\c++\ıris\myıris\myıris\x64\release\myıris.tlog\link.read.1.tlog
d:\workspace\c++\ıris\myıris\myıris\x64\release\myıris.tlog\link.write.1.tlog
